<?xml version="1.0" encoding="UTF-8"?>
<!-- Generated by org.testng.reporters.JUnitReportReporter -->
<testsuite hostname="47L23F3" failures="0" tests="1" name="test.CarreersTest" time="13.381" errors="0" timestamp="2022-05-16T08:29:19 CAT" skipped="0">
  <testcase classname="test.CarreersTest" name="navigateToOnlineApplication" time="13.381"/>
  <system-out/>
</testsuite> <!-- test.CarreersTest -->
