<?xml version="1.0" encoding="UTF-8"?>
<!-- Generated by org.testng.reporters.JUnitReportReporter -->
<testsuite hostname="47L23F3" failures="0" tests="1" name="test.CarreersTest" time="12.511" errors="0" timestamp="2022-05-16T02:24:59 CAT" skipped="0">
  <testcase classname="test.CarreersTest" name="navigateToOnlineApplication" time="12.511"/>
  <system-out/>
</testsuite> <!-- test.CarreersTest -->
